DEB [20210521-18:33:18.293] thr=1   paramiko.transport: starting thread (client mode): 0x5c8afe10
DEB [20210521-18:33:18.293] thr=1   paramiko.transport: Local version/idstring: SSH-2.0-paramiko_2.7.2
DEB [20210521-18:33:18.331] thr=1   paramiko.transport: Remote version/idstring: SSH-2.0-OpenSSH_8.0
INF [20210521-18:33:18.331] thr=1   paramiko.transport: Connected (version 2.0, client OpenSSH_8.0)
DEB [20210521-18:33:18.337] thr=1   paramiko.transport: kex algos:['curve25519-sha256', 'curve25519-sha256@libssh.org', 'ecdh-sha2-nistp256', 'ecdh-sha2-nistp384', 'ecdh-sha2-nistp521', 'diffie-hellman-group-exchange-sha256', 'diffie-hellman-group14-sha256', 'diffie-hellman-group16-sha512', 'diffie-hellman-group18-sha512', 'diffie-hellman-group-exchange-sha1', 'diffie-hellman-group14-sha1'] server key:['rsa-sha2-512', 'rsa-sha2-256', 'ssh-rsa', 'ecdsa-sha2-nistp256', 'ssh-ed25519'] client encrypt:['aes256-gcm@openssh.com', 'chacha20-poly1305@openssh.com', 'aes256-ctr', 'aes256-cbc', 'aes128-gcm@openssh.com', 'aes128-ctr', 'aes128-cbc'] server encrypt:['aes256-gcm@openssh.com', 'chacha20-poly1305@openssh.com', 'aes256-ctr', 'aes256-cbc', 'aes128-gcm@openssh.com', 'aes128-ctr', 'aes128-cbc'] client mac:['hmac-sha2-256-etm@openssh.com', 'hmac-sha1-etm@openssh.com', 'umac-128-etm@openssh.com', 'hmac-sha2-512-etm@openssh.com', 'hmac-sha2-256', 'hmac-sha1', 'umac-128@openssh.com', 'hmac-sha2-512'] server mac:['hmac-sha2-256-etm@openssh.com', 'hmac-sha1-etm@openssh.com', 'umac-128-etm@openssh.com', 'hmac-sha2-512-etm@openssh.com', 'hmac-sha2-256', 'hmac-sha1', 'umac-128@openssh.com', 'hmac-sha2-512'] client compress:['none', 'zlib@openssh.com'] server compress:['none', 'zlib@openssh.com'] client lang:[''] server lang:[''] kex follows?False
DEB [20210521-18:33:18.337] thr=1   paramiko.transport: Kex agreed: curve25519-sha256@libssh.org
DEB [20210521-18:33:18.337] thr=1   paramiko.transport: HostKey agreed: ssh-ed25519
DEB [20210521-18:33:18.337] thr=1   paramiko.transport: Cipher agreed: aes128-ctr
DEB [20210521-18:33:18.338] thr=1   paramiko.transport: MAC agreed: hmac-sha2-256
DEB [20210521-18:33:18.338] thr=1   paramiko.transport: Compression agreed: none
DEB [20210521-18:33:18.353] thr=1   paramiko.transport: kex engine KexCurve25519 specified hash_algo <built-in function openssl_sha256>
DEB [20210521-18:33:18.355] thr=1   paramiko.transport: Switch to new keys ...
DEB [20210521-18:33:18.356] thr=2   paramiko.transport: Adding ssh-ed25519 host key for 10.88.48.5: b'e0610d9f9930091b3c09fa984ee97e2e'
DEB [20210521-18:33:18.357] thr=2   paramiko.transport: Trying SSH key b'f8cbc8cea836d4c757314fcfa7a1048f'
DEB [20210521-18:33:18.396] thr=1   paramiko.transport: userauth is OK
INF [20210521-18:33:18.447] thr=1   paramiko.transport: Authentication (publickey) successful!
DEB [20210521-18:33:18.448] thr=2   paramiko.transport: [chan 0] Max packet in: 32768 bytes
DEB [20210521-18:33:18.644] thr=1   paramiko.transport: Received global request "hostkeys-00@openssh.com"
DEB [20210521-18:33:18.644] thr=1   paramiko.transport: Rejecting "hostkeys-00@openssh.com" global request from server.
DEB [20210521-18:33:18.645] thr=1   paramiko.transport: Debug msg: b'/home/ADMIN/.ssh/authorized_keys:1: key options: agent-forwarding port-forwarding pty user-rc x11-forwarding'
DEB [20210521-18:33:18.686] thr=1   paramiko.transport: [chan 0] Max packet out: 32768 bytes
DEB [20210521-18:33:18.686] thr=1   paramiko.transport: Secsh channel 0 opened.
DEB [20210521-18:33:18.693] thr=1   paramiko.transport: [chan 0] Sesch channel 0 request ok
DEB [20210521-18:33:18.693] thr=2   paramiko.transport: [chan 0] EOF sent (0)
DEB [20210521-18:33:18.728] thr=1   paramiko.transport: [chan 0] EOF received (0)
DEB [20210521-18:34:46.757] thr=1   paramiko.transport: starting thread (client mode): 0xfe59edd8
DEB [20210521-18:34:46.758] thr=1   paramiko.transport: Local version/idstring: SSH-2.0-paramiko_2.7.2
DEB [20210521-18:34:46.780] thr=1   paramiko.transport: Remote version/idstring: SSH-2.0-OpenSSH_8.0
INF [20210521-18:34:46.780] thr=1   paramiko.transport: Connected (version 2.0, client OpenSSH_8.0)
DEB [20210521-18:34:46.784] thr=1   paramiko.transport: kex algos:['curve25519-sha256', 'curve25519-sha256@libssh.org', 'ecdh-sha2-nistp256', 'ecdh-sha2-nistp384', 'ecdh-sha2-nistp521', 'diffie-hellman-group-exchange-sha256', 'diffie-hellman-group14-sha256', 'diffie-hellman-group16-sha512', 'diffie-hellman-group18-sha512', 'diffie-hellman-group-exchange-sha1', 'diffie-hellman-group14-sha1'] server key:['rsa-sha2-512', 'rsa-sha2-256', 'ssh-rsa', 'ecdsa-sha2-nistp256', 'ssh-ed25519'] client encrypt:['aes256-gcm@openssh.com', 'chacha20-poly1305@openssh.com', 'aes256-ctr', 'aes256-cbc', 'aes128-gcm@openssh.com', 'aes128-ctr', 'aes128-cbc'] server encrypt:['aes256-gcm@openssh.com', 'chacha20-poly1305@openssh.com', 'aes256-ctr', 'aes256-cbc', 'aes128-gcm@openssh.com', 'aes128-ctr', 'aes128-cbc'] client mac:['hmac-sha2-256-etm@openssh.com', 'hmac-sha1-etm@openssh.com', 'umac-128-etm@openssh.com', 'hmac-sha2-512-etm@openssh.com', 'hmac-sha2-256', 'hmac-sha1', 'umac-128@openssh.com', 'hmac-sha2-512'] server mac:['hmac-sha2-256-etm@openssh.com', 'hmac-sha1-etm@openssh.com', 'umac-128-etm@openssh.com', 'hmac-sha2-512-etm@openssh.com', 'hmac-sha2-256', 'hmac-sha1', 'umac-128@openssh.com', 'hmac-sha2-512'] client compress:['none', 'zlib@openssh.com'] server compress:['none', 'zlib@openssh.com'] client lang:[''] server lang:[''] kex follows?False
DEB [20210521-18:34:46.784] thr=1   paramiko.transport: Kex agreed: curve25519-sha256@libssh.org
DEB [20210521-18:34:46.784] thr=1   paramiko.transport: HostKey agreed: ssh-ed25519
DEB [20210521-18:34:46.784] thr=1   paramiko.transport: Cipher agreed: aes128-ctr
DEB [20210521-18:34:46.785] thr=1   paramiko.transport: MAC agreed: hmac-sha2-256
DEB [20210521-18:34:46.785] thr=1   paramiko.transport: Compression agreed: none
DEB [20210521-18:34:46.804] thr=1   paramiko.transport: kex engine KexCurve25519 specified hash_algo <built-in function openssl_sha256>
DEB [20210521-18:34:46.805] thr=1   paramiko.transport: Switch to new keys ...
DEB [20210521-18:34:46.806] thr=2   paramiko.transport: Adding ssh-ed25519 host key for 10.88.48.5: b'e0610d9f9930091b3c09fa984ee97e2e'
DEB [20210521-18:34:46.807] thr=2   paramiko.transport: Trying SSH key b'f8cbc8cea836d4c757314fcfa7a1048f'
DEB [20210521-18:34:46.845] thr=1   paramiko.transport: userauth is OK
INF [20210521-18:34:46.894] thr=1   paramiko.transport: Authentication (publickey) successful!
DEB [20210521-18:34:46.895] thr=2   paramiko.transport: [chan 0] Max packet in: 32768 bytes
DEB [20210521-18:34:47.098] thr=1   paramiko.transport: Received global request "hostkeys-00@openssh.com"
DEB [20210521-18:34:47.099] thr=1   paramiko.transport: Rejecting "hostkeys-00@openssh.com" global request from server.
DEB [20210521-18:34:47.100] thr=1   paramiko.transport: Debug msg: b'/home/ADMIN/.ssh/authorized_keys:1: key options: agent-forwarding port-forwarding pty user-rc x11-forwarding'
DEB [20210521-18:34:47.142] thr=1   paramiko.transport: [chan 0] Max packet out: 32768 bytes
DEB [20210521-18:34:47.142] thr=1   paramiko.transport: Secsh channel 0 opened.
DEB [20210521-18:34:47.147] thr=1   paramiko.transport: [chan 0] Sesch channel 0 request ok
DEB [20210521-18:34:47.148] thr=2   paramiko.transport: [chan 0] EOF sent (0)
DEB [20210521-18:34:47.181] thr=1   paramiko.transport: [chan 0] EOF received (0)
DEB [20210521-18:35:05.054] thr=3   paramiko.transport: starting thread (client mode): 0xf819b668
DEB [20210521-18:35:05.054] thr=3   paramiko.transport: Local version/idstring: SSH-2.0-paramiko_2.7.2
DEB [20210521-18:35:05.074] thr=3   paramiko.transport: Remote version/idstring: SSH-2.0-OpenSSH_8.0
INF [20210521-18:35:05.075] thr=3   paramiko.transport: Connected (version 2.0, client OpenSSH_8.0)
DEB [20210521-18:35:05.078] thr=3   paramiko.transport: kex algos:['curve25519-sha256', 'curve25519-sha256@libssh.org', 'ecdh-sha2-nistp256', 'ecdh-sha2-nistp384', 'ecdh-sha2-nistp521', 'diffie-hellman-group-exchange-sha256', 'diffie-hellman-group14-sha256', 'diffie-hellman-group16-sha512', 'diffie-hellman-group18-sha512', 'diffie-hellman-group-exchange-sha1', 'diffie-hellman-group14-sha1'] server key:['rsa-sha2-512', 'rsa-sha2-256', 'ssh-rsa', 'ecdsa-sha2-nistp256', 'ssh-ed25519'] client encrypt:['aes256-gcm@openssh.com', 'chacha20-poly1305@openssh.com', 'aes256-ctr', 'aes256-cbc', 'aes128-gcm@openssh.com', 'aes128-ctr', 'aes128-cbc'] server encrypt:['aes256-gcm@openssh.com', 'chacha20-poly1305@openssh.com', 'aes256-ctr', 'aes256-cbc', 'aes128-gcm@openssh.com', 'aes128-ctr', 'aes128-cbc'] client mac:['hmac-sha2-256-etm@openssh.com', 'hmac-sha1-etm@openssh.com', 'umac-128-etm@openssh.com', 'hmac-sha2-512-etm@openssh.com', 'hmac-sha2-256', 'hmac-sha1', 'umac-128@openssh.com', 'hmac-sha2-512'] server mac:['hmac-sha2-256-etm@openssh.com', 'hmac-sha1-etm@openssh.com', 'umac-128-etm@openssh.com', 'hmac-sha2-512-etm@openssh.com', 'hmac-sha2-256', 'hmac-sha1', 'umac-128@openssh.com', 'hmac-sha2-512'] client compress:['none', 'zlib@openssh.com'] server compress:['none', 'zlib@openssh.com'] client lang:[''] server lang:[''] kex follows?False
DEB [20210521-18:35:05.079] thr=3   paramiko.transport: Kex agreed: curve25519-sha256@libssh.org
DEB [20210521-18:35:05.079] thr=3   paramiko.transport: HostKey agreed: ssh-ed25519
DEB [20210521-18:35:05.079] thr=3   paramiko.transport: Cipher agreed: aes128-ctr
DEB [20210521-18:35:05.079] thr=3   paramiko.transport: MAC agreed: hmac-sha2-256
DEB [20210521-18:35:05.080] thr=3   paramiko.transport: Compression agreed: none
DEB [20210521-18:35:05.096] thr=3   paramiko.transport: kex engine KexCurve25519 specified hash_algo <built-in function openssl_sha256>
DEB [20210521-18:35:05.097] thr=3   paramiko.transport: Switch to new keys ...
DEB [20210521-18:35:05.097] thr=4   paramiko.transport: Adding ssh-ed25519 host key for 10.88.48.5: b'e0610d9f9930091b3c09fa984ee97e2e'
DEB [20210521-18:35:05.098] thr=4   paramiko.transport: Trying SSH key b'f8cbc8cea836d4c757314fcfa7a1048f'
DEB [20210521-18:35:05.137] thr=3   paramiko.transport: userauth is OK
INF [20210521-18:35:05.167] thr=3   paramiko.transport: Authentication (publickey) successful!
DEB [20210521-18:35:05.168] thr=4   paramiko.transport: [chan 0] Max packet in: 32768 bytes
DEB [20210521-18:35:05.194] thr=3   paramiko.transport: Received global request "hostkeys-00@openssh.com"
DEB [20210521-18:35:05.194] thr=3   paramiko.transport: Rejecting "hostkeys-00@openssh.com" global request from server.
DEB [20210521-18:35:05.195] thr=3   paramiko.transport: Debug msg: b'/home/ADMIN/.ssh/authorized_keys:1: key options: agent-forwarding port-forwarding pty user-rc x11-forwarding'
DEB [20210521-18:35:05.238] thr=3   paramiko.transport: [chan 0] Max packet out: 32768 bytes
DEB [20210521-18:35:05.238] thr=3   paramiko.transport: Secsh channel 0 opened.
DEB [20210521-18:35:05.244] thr=3   paramiko.transport: [chan 0] Sesch channel 0 request ok
DEB [20210521-18:35:05.244] thr=4   paramiko.transport: [chan 0] EOF sent (0)
DEB [20210521-18:35:05.283] thr=3   paramiko.transport: [chan 0] EOF received (0)
DEB [20210521-18:36:09.898] thr=1   paramiko.transport: starting thread (client mode): 0x91077e48
DEB [20210521-18:36:09.898] thr=1   paramiko.transport: Local version/idstring: SSH-2.0-paramiko_2.7.2
DEB [20210521-18:36:09.917] thr=1   paramiko.transport: Remote version/idstring: SSH-2.0-OpenSSH_8.0
INF [20210521-18:36:09.918] thr=1   paramiko.transport: Connected (version 2.0, client OpenSSH_8.0)
DEB [20210521-18:36:09.921] thr=1   paramiko.transport: kex algos:['curve25519-sha256', 'curve25519-sha256@libssh.org', 'ecdh-sha2-nistp256', 'ecdh-sha2-nistp384', 'ecdh-sha2-nistp521', 'diffie-hellman-group-exchange-sha256', 'diffie-hellman-group14-sha256', 'diffie-hellman-group16-sha512', 'diffie-hellman-group18-sha512', 'diffie-hellman-group-exchange-sha1', 'diffie-hellman-group14-sha1'] server key:['rsa-sha2-512', 'rsa-sha2-256', 'ssh-rsa', 'ecdsa-sha2-nistp256', 'ssh-ed25519'] client encrypt:['aes256-gcm@openssh.com', 'chacha20-poly1305@openssh.com', 'aes256-ctr', 'aes256-cbc', 'aes128-gcm@openssh.com', 'aes128-ctr', 'aes128-cbc'] server encrypt:['aes256-gcm@openssh.com', 'chacha20-poly1305@openssh.com', 'aes256-ctr', 'aes256-cbc', 'aes128-gcm@openssh.com', 'aes128-ctr', 'aes128-cbc'] client mac:['hmac-sha2-256-etm@openssh.com', 'hmac-sha1-etm@openssh.com', 'umac-128-etm@openssh.com', 'hmac-sha2-512-etm@openssh.com', 'hmac-sha2-256', 'hmac-sha1', 'umac-128@openssh.com', 'hmac-sha2-512'] server mac:['hmac-sha2-256-etm@openssh.com', 'hmac-sha1-etm@openssh.com', 'umac-128-etm@openssh.com', 'hmac-sha2-512-etm@openssh.com', 'hmac-sha2-256', 'hmac-sha1', 'umac-128@openssh.com', 'hmac-sha2-512'] client compress:['none', 'zlib@openssh.com'] server compress:['none', 'zlib@openssh.com'] client lang:[''] server lang:[''] kex follows?False
DEB [20210521-18:36:09.921] thr=1   paramiko.transport: Kex agreed: curve25519-sha256@libssh.org
DEB [20210521-18:36:09.921] thr=1   paramiko.transport: HostKey agreed: ssh-ed25519
DEB [20210521-18:36:09.922] thr=1   paramiko.transport: Cipher agreed: aes128-ctr
DEB [20210521-18:36:09.922] thr=1   paramiko.transport: MAC agreed: hmac-sha2-256
DEB [20210521-18:36:09.922] thr=1   paramiko.transport: Compression agreed: none
DEB [20210521-18:36:09.941] thr=1   paramiko.transport: kex engine KexCurve25519 specified hash_algo <built-in function openssl_sha256>
DEB [20210521-18:36:09.942] thr=1   paramiko.transport: Switch to new keys ...
DEB [20210521-18:36:09.943] thr=2   paramiko.transport: Adding ssh-ed25519 host key for 10.88.48.5: b'e0610d9f9930091b3c09fa984ee97e2e'
DEB [20210521-18:36:09.944] thr=2   paramiko.transport: Trying SSH key b'f8cbc8cea836d4c757314fcfa7a1048f'
DEB [20210521-18:36:09.983] thr=1   paramiko.transport: userauth is OK
INF [20210521-18:36:10.013] thr=1   paramiko.transport: Authentication (publickey) successful!
DEB [20210521-18:36:10.014] thr=2   paramiko.transport: [chan 0] Max packet in: 32768 bytes
DEB [20210521-18:36:10.189] thr=1   paramiko.transport: Received global request "hostkeys-00@openssh.com"
DEB [20210521-18:36:10.189] thr=1   paramiko.transport: Rejecting "hostkeys-00@openssh.com" global request from server.
DEB [20210521-18:36:10.190] thr=1   paramiko.transport: Debug msg: b'/home/ADMIN/.ssh/authorized_keys:1: key options: agent-forwarding port-forwarding pty user-rc x11-forwarding'
DEB [20210521-18:36:10.230] thr=1   paramiko.transport: [chan 0] Max packet out: 32768 bytes
DEB [20210521-18:36:10.230] thr=1   paramiko.transport: Secsh channel 0 opened.
DEB [20210521-18:36:10.235] thr=1   paramiko.transport: [chan 0] Sesch channel 0 request ok
DEB [20210521-18:36:10.236] thr=2   paramiko.transport: [chan 0] EOF sent (0)
DEB [20210521-18:36:10.273] thr=1   paramiko.transport: [chan 0] EOF received (0)
DEB [20210521-18:36:53.197] thr=3   paramiko.transport: starting thread (client mode): 0x8c4e4748
DEB [20210521-18:36:53.197] thr=3   paramiko.transport: Local version/idstring: SSH-2.0-paramiko_2.7.2
DEB [20210521-18:36:53.217] thr=3   paramiko.transport: Remote version/idstring: SSH-2.0-OpenSSH_8.0
INF [20210521-18:36:53.217] thr=3   paramiko.transport: Connected (version 2.0, client OpenSSH_8.0)
DEB [20210521-18:36:53.220] thr=3   paramiko.transport: kex algos:['curve25519-sha256', 'curve25519-sha256@libssh.org', 'ecdh-sha2-nistp256', 'ecdh-sha2-nistp384', 'ecdh-sha2-nistp521', 'diffie-hellman-group-exchange-sha256', 'diffie-hellman-group14-sha256', 'diffie-hellman-group16-sha512', 'diffie-hellman-group18-sha512', 'diffie-hellman-group-exchange-sha1', 'diffie-hellman-group14-sha1'] server key:['rsa-sha2-512', 'rsa-sha2-256', 'ssh-rsa', 'ecdsa-sha2-nistp256', 'ssh-ed25519'] client encrypt:['aes256-gcm@openssh.com', 'chacha20-poly1305@openssh.com', 'aes256-ctr', 'aes256-cbc', 'aes128-gcm@openssh.com', 'aes128-ctr', 'aes128-cbc'] server encrypt:['aes256-gcm@openssh.com', 'chacha20-poly1305@openssh.com', 'aes256-ctr', 'aes256-cbc', 'aes128-gcm@openssh.com', 'aes128-ctr', 'aes128-cbc'] client mac:['hmac-sha2-256-etm@openssh.com', 'hmac-sha1-etm@openssh.com', 'umac-128-etm@openssh.com', 'hmac-sha2-512-etm@openssh.com', 'hmac-sha2-256', 'hmac-sha1', 'umac-128@openssh.com', 'hmac-sha2-512'] server mac:['hmac-sha2-256-etm@openssh.com', 'hmac-sha1-etm@openssh.com', 'umac-128-etm@openssh.com', 'hmac-sha2-512-etm@openssh.com', 'hmac-sha2-256', 'hmac-sha1', 'umac-128@openssh.com', 'hmac-sha2-512'] client compress:['none', 'zlib@openssh.com'] server compress:['none', 'zlib@openssh.com'] client lang:[''] server lang:[''] kex follows?False
DEB [20210521-18:36:53.221] thr=3   paramiko.transport: Kex agreed: curve25519-sha256@libssh.org
DEB [20210521-18:36:53.221] thr=3   paramiko.transport: HostKey agreed: ssh-ed25519
DEB [20210521-18:36:53.221] thr=3   paramiko.transport: Cipher agreed: aes128-ctr
DEB [20210521-18:36:53.222] thr=3   paramiko.transport: MAC agreed: hmac-sha2-256
DEB [20210521-18:36:53.222] thr=3   paramiko.transport: Compression agreed: none
DEB [20210521-18:36:53.240] thr=3   paramiko.transport: kex engine KexCurve25519 specified hash_algo <built-in function openssl_sha256>
DEB [20210521-18:36:53.240] thr=3   paramiko.transport: Switch to new keys ...
DEB [20210521-18:36:53.241] thr=4   paramiko.transport: Adding ssh-ed25519 host key for 10.88.48.5: b'e0610d9f9930091b3c09fa984ee97e2e'
DEB [20210521-18:36:53.242] thr=4   paramiko.transport: Trying SSH key b'f8cbc8cea836d4c757314fcfa7a1048f'
DEB [20210521-18:36:53.282] thr=3   paramiko.transport: userauth is OK
INF [20210521-18:36:53.327] thr=3   paramiko.transport: Authentication (publickey) successful!
DEB [20210521-18:36:53.328] thr=4   paramiko.transport: [chan 0] Max packet in: 32768 bytes
DEB [20210521-18:36:53.353] thr=3   paramiko.transport: Received global request "hostkeys-00@openssh.com"
DEB [20210521-18:36:53.353] thr=3   paramiko.transport: Rejecting "hostkeys-00@openssh.com" global request from server.
DEB [20210521-18:36:53.354] thr=3   paramiko.transport: Debug msg: b'/home/ADMIN/.ssh/authorized_keys:1: key options: agent-forwarding port-forwarding pty user-rc x11-forwarding'
DEB [20210521-18:36:53.394] thr=3   paramiko.transport: [chan 0] Max packet out: 32768 bytes
DEB [20210521-18:36:53.394] thr=3   paramiko.transport: Secsh channel 0 opened.
DEB [20210521-18:36:53.399] thr=3   paramiko.transport: [chan 0] Sesch channel 0 request ok
DEB [20210521-18:36:53.399] thr=4   paramiko.transport: [chan 0] EOF sent (0)
DEB [20210521-18:36:53.437] thr=3   paramiko.transport: [chan 0] EOF received (0)
